2023-07-25 23:01:10,372 - root - INFO - ==========开始 执行51项目测试===========
2023-07-25 23:01:17,861 - root - INFO -  执行 test_condition_success 测试用例 
2023-07-25 23:01:17,862 - root - INFO -  工作情况正常测试用例：个人资料_工作情况_修改成功_自我介绍输入长 
2023-07-25 23:01:22,365 - root - INFO - 预期结果：三星堆古遗址位于四川省广汉市西北的鸭子河南岸，分布面积12平方千米，距今已有3000至5000年历史，是迄今在西南地区发现的范围最大、延续时间最长、文化内涵最丰富的古城、古国、古蜀文化遗址。现有保存最完整的东、西、南城墙和月亮湾内城墙。三星堆遗址被称为20世纪人类最伟大的考古发现之一，昭示了长江流域与黄河流域一样，同属中华文明的母体，被誉为“长江文明之源”。
2023-07-25 23:01:22,365 - root - INFO - 实际结果：三星堆古遗址位于四川省广汉市西北的鸭子河南岸，分布面积12平方千米，距今已有3000至5000年历史，是迄今在西南地区发现的范围最大、延续时间最长、文化内涵最丰富的古城、古国、古蜀文化遗址。现有保存最完整的东、西、南城墙和月亮湾内城墙。三星堆遗址被称为20世纪人类最伟大的考古发现之一，昭示了长江流域与黄河流域一样，同属中华文明的母体，被誉为“长江文明之源”。
2023-07-25 23:01:22,366 - root - INFO -  结束执行 test_condition_success 测试用例， 测试结果 --- PASS 
2023-07-25 23:01:22,367 - root - INFO -  执行 test_condition_success 测试用例 
2023-07-25 23:01:22,367 - root - INFO -  工作情况正常测试用例：个人资料_工作情况_修改成功_自我介绍输入短 
2023-07-25 23:01:26,737 - root - INFO - 预期结果：我是蔡徐坤
2023-07-25 23:01:26,753 - root - INFO - 实际结果：我是蔡徐坤
2023-07-25 23:01:26,754 - root - INFO -  结束执行 test_condition_success 测试用例， 测试结果 --- PASS 
2023-07-25 23:01:26,755 - root - INFO -  执行 test_condition_success 测试用例 
2023-07-25 23:01:26,755 - root - INFO -  工作情况正常测试用例：个人资料_工作情况_修改成功_性别女 
2023-07-25 23:01:31,055 - root - INFO - 预期结果：女
2023-07-25 23:01:31,055 - root - INFO - 实际结果：女
2023-07-25 23:01:31,056 - root - INFO -  结束执行 test_condition_success 测试用例， 测试结果 --- PASS 
2023-07-25 23:01:31,058 - root - INFO -  执行 test_condition_success 测试用例 
2023-07-25 23:01:31,058 - root - INFO -  工作情况正常测试用例：个人资料_工作情况_修改成功_性别保密 
2023-07-25 23:01:35,820 - root - INFO - 预期结果：保密
2023-07-25 23:01:35,821 - root - INFO - 实际结果：保密
2023-07-25 23:01:35,821 - root - INFO -  结束执行 test_condition_success 测试用例， 测试结果 --- PASS 
2023-07-25 23:01:35,822 - root - INFO -  执行 test_condition_success 测试用例 
2023-07-25 23:01:35,822 - root - INFO -  工作情况正常测试用例：个人资料_工作情况_修改成功_公司名输入长 
2023-07-25 23:01:40,813 - root - INFO - 预期结果：蔡徐坤有限公司蔡徐坤有限公司蔡徐坤有限公司蔡徐坤有限公司蔡徐坤有限公司蔡徐坤有限公司蔡徐坤有限公司蔡徐坤有限公司蔡徐坤有限公司蔡徐坤有限公司蔡徐坤有限公司蔡徐坤有限公司蔡徐坤有限公司蔡徐坤有限公司
2023-07-25 23:01:40,813 - root - INFO - 实际结果：蔡徐坤有限公司蔡徐坤有限公司蔡徐坤有限公司蔡徐坤有限公司蔡徐坤有限公司蔡徐坤有限公司蔡徐坤有限公司蔡徐坤有限公司蔡徐坤有限公司蔡徐坤有限公司蔡徐坤有限公司蔡徐坤有限公司蔡徐坤有限公司蔡徐坤有限公司
2023-07-25 23:01:40,813 - root - INFO -  结束执行 test_condition_success 测试用例， 测试结果 --- PASS 
2023-07-25 23:01:40,814 - root - INFO -  执行 test_condition_success 测试用例 
2023-07-25 23:01:40,814 - root - INFO -  工作情况正常测试用例：个人资料_工作情况_修改成功_公司名输入中英文标点符号 
2023-07-25 23:01:45,895 - root - INFO - 预期结果：da大会，。qweu
2023-07-25 23:01:45,895 - root - INFO - 实际结果：da大会，。qweu
2023-07-25 23:01:45,895 - root - INFO -  结束执行 test_condition_success 测试用例， 测试结果 --- PASS 
2023-07-25 23:01:45,896 - root - INFO -  执行 test_condition_error 测试用例 
2023-07-25 23:01:45,896 - root - INFO -  工作情况异常测试用例：个人资料_工作情况_自我介绍含有敏感词汇 
2023-07-25 23:01:51,683 - root - INFO - 预期结果：请检查该资料项 (含有敏感词汇)
2023-07-25 23:01:51,684 - root - INFO - 实际结果：请检查该资料项 (含有敏感词汇)
2023-07-25 23:01:51,685 - root - INFO -  结束执行 test_condition_error 测试用例， 测试结果 --- PASS 
2023-07-25 23:01:51,687 - root - INFO -  执行 test_condition_error 测试用例 
2023-07-25 23:01:51,687 - root - INFO -  工作情况异常测试用例：个人资料_工作情况_公司名称为空 
2023-07-25 23:01:57,607 - root - INFO - 预期结果：请检查该资料项
2023-07-25 23:01:57,607 - root - INFO - 实际结果：请检查该资料项
2023-07-25 23:01:57,608 - root - INFO -  结束执行 test_condition_error 测试用例， 测试结果 --- PASS 
2023-07-25 23:01:57,610 - root - INFO -  执行 test_condition_error 测试用例 
2023-07-25 23:01:57,610 - root - INFO -  工作情况异常测试用例：个人资料_工作情况_公司名称含有敏感词汇 
2023-07-25 23:02:03,392 - root - INFO - 预期结果：请检查该资料项 (含有敏感词汇)
2023-07-25 23:02:03,392 - root - INFO - 实际结果：请检查该资料项 (含有敏感词汇)
2023-07-25 23:02:03,393 - root - INFO -  结束执行 test_condition_error 测试用例， 测试结果 --- PASS 
2023-07-25 23:02:03,489 - root - INFO - ==========结束 执行51项目测试===========
